Flow report for ROVER
Fri Apr 12 12:02:40 2013
Quartus II 64-Bit Version 12.1 Build 243 01/31/2013 Service Pack 1 SJ Web Edition


---------------------
; Table of Contents ;
---------------------
  1. Legal Notice
  2. Flow Summary
  3. Flow Settings
  4. Flow Non-Default Global Settings
  5. Flow Elapsed Time
  6. Flow OS Summary
  7. Flow Log



----------------
; Legal Notice ;
----------------
Copyright (C) 1991-2012 Altera Corporation
Your use of Altera Corporation's design tools, logic functions 
and other software and tools, and its AMPP partner logic 
functions, and any output files from any of the foregoing 
(including device programming or simulation files), and any 
associated documentation or information are expressly subject 
to the terms and conditions of the Altera Program License 
Subscription Agreement, Altera MegaCore Function License 
Agreement, or other applicable license agreement, including, 
without limitation, that your use is for the sole purpose of 
programming logic devices manufactured by Altera and sold by 
Altera or its authorized distributors.  Please refer to the 
applicable agreement for further details.



+------------------------------------------------------------------------------------+
; Flow Summary                                                                       ;
+------------------------------------+-----------------------------------------------+
; Flow Status                        ; Successful - Fri Apr 12 12:02:29 2013         ;
; Quartus II 64-Bit Version          ; 12.1 Build 243 01/31/2013 SP 1 SJ Web Edition ;
; Revision Name                      ; ROVER                                         ;
; Top-level Entity Name              ; toplevel                                      ;
; Family                             ; Cyclone IV E                                  ;
; Device                             ; EP4CE22F17C6                                  ;
; Timing Models                      ; Final                                         ;
; Total logic elements               ; 6,185 / 22,320 ( 28 % )                       ;
;     Total combinational functions  ; 4,642 / 22,320 ( 21 % )                       ;
;     Dedicated logic registers      ; 4,567 / 22,320 ( 20 % )                       ;
; Total registers                    ; 4636                                          ;
; Total pins                         ; 152 / 154 ( 99 % )                            ;
; Total virtual pins                 ; 0                                             ;
; Total memory bits                  ; 22,432 / 608,256 ( 4 % )                      ;
; Embedded Multiplier 9-bit elements ; 0 / 132 ( 0 % )                               ;
; Total PLLs                         ; 1 / 4 ( 25 % )                                ;
+------------------------------------+-----------------------------------------------+


+-----------------------------------------+
; Flow Settings                           ;
+-------------------+---------------------+
; Option            ; Setting             ;
+-------------------+---------------------+
; Start date & time ; 04/12/2013 12:00:00 ;
; Main task         ; Compilation         ;
; Revision Name     ; ROVER               ;
+-------------------+---------------------+


+-----------------------------------------------------------------------------------------------------------------------------------------------------------------------+
; Flow Non-Default Global Settings                                                                                                                                      ;
+-------------------------------------+---------------------------------------------------------+---------------+------------------------------------------+------------+
; Assignment Name                     ; Value                                                   ; Default Value ; Entity Name                              ; Section Id ;
+-------------------------------------+---------------------------------------------------------+---------------+------------------------------------------+------------+
; COMPILER_SIGNATURE_ID               ; 622597796604.136573560008004                            ; --            ; --                                       ; --         ;
; IGNORE_PARTITIONS                   ; On                                                      ; Off           ; --                                       ; --         ;
; IP_TOOL_ENV                         ; qsys                                                    ; --            ; --                                       ; --         ;
; IP_TOOL_ENV                         ; qsys                                                    ; --            ; ROVER_addr_router                        ; --         ;
; IP_TOOL_ENV                         ; qsys                                                    ; --            ; ROVER_addr_router_001                    ; --         ;
; IP_TOOL_ENV                         ; qsys                                                    ; --            ; ROVER_addr_router_002                    ; --         ;
; IP_TOOL_ENV                         ; qsys                                                    ; --            ; ROVER_addr_router_003                    ; --         ;
; IP_TOOL_ENV                         ; qsys                                                    ; --            ; ROVER_altpll_sys                         ; --         ;
; IP_TOOL_ENV                         ; qsys                                                    ; --            ; ROVER_cmd_xbar_demux                     ; --         ;
; IP_TOOL_ENV                         ; qsys                                                    ; --            ; ROVER_cmd_xbar_demux_001                 ; --         ;
; IP_TOOL_ENV                         ; qsys                                                    ; --            ; ROVER_cmd_xbar_demux_002                 ; --         ;
; IP_TOOL_ENV                         ; qsys                                                    ; --            ; ROVER_cmd_xbar_demux_003                 ; --         ;
; IP_TOOL_ENV                         ; qsys                                                    ; --            ; ROVER_cmd_xbar_mux                       ; --         ;
; IP_TOOL_ENV                         ; qsys                                                    ; --            ; ROVER_cpu                                ; --         ;
; IP_TOOL_ENV                         ; qsys                                                    ; --            ; ROVER_epcs                               ; --         ;
; IP_TOOL_ENV                         ; qsys                                                    ; --            ; ROVER_i2c_scl                            ; --         ;
; IP_TOOL_ENV                         ; qsys                                                    ; --            ; ROVER_i2c_sda                            ; --         ;
; IP_TOOL_ENV                         ; qsys                                                    ; --            ; ROVER_id_router                          ; --         ;
; IP_TOOL_ENV                         ; qsys                                                    ; --            ; ROVER_id_router_001                      ; --         ;
; IP_TOOL_ENV                         ; qsys                                                    ; --            ; ROVER_id_router_003                      ; --         ;
; IP_TOOL_ENV                         ; qsys                                                    ; --            ; ROVER_id_router_004                      ; --         ;
; IP_TOOL_ENV                         ; qsys                                                    ; --            ; ROVER_id_router_009                      ; --         ;
; IP_TOOL_ENV                         ; qsys                                                    ; --            ; ROVER_id_router_014                      ; --         ;
; IP_TOOL_ENV                         ; qsys                                                    ; --            ; ROVER_id_router_023                      ; --         ;
; IP_TOOL_ENV                         ; qsys                                                    ; --            ; ROVER_irq_mapper                         ; --         ;
; IP_TOOL_ENV                         ; qsys                                                    ; --            ; ROVER_jtag_uart                          ; --         ;
; IP_TOOL_ENV                         ; qsys                                                    ; --            ; ROVER_key                                ; --         ;
; IP_TOOL_ENV                         ; qsys                                                    ; --            ; ROVER_led                                ; --         ;
; IP_TOOL_ENV                         ; qsys                                                    ; --            ; ROVER_rsp_xbar_demux                     ; --         ;
; IP_TOOL_ENV                         ; qsys                                                    ; --            ; ROVER_rsp_xbar_demux_004                 ; --         ;
; IP_TOOL_ENV                         ; qsys                                                    ; --            ; ROVER_rsp_xbar_demux_023                 ; --         ;
; IP_TOOL_ENV                         ; qsys                                                    ; --            ; ROVER_rsp_xbar_mux                       ; --         ;
; IP_TOOL_ENV                         ; qsys                                                    ; --            ; ROVER_rsp_xbar_mux_001                   ; --         ;
; IP_TOOL_ENV                         ; qsys                                                    ; --            ; ROVER_rsp_xbar_mux_002                   ; --         ;
; IP_TOOL_ENV                         ; qsys                                                    ; --            ; ROVER_rsp_xbar_mux_003                   ; --         ;
; IP_TOOL_ENV                         ; qsys                                                    ; --            ; ROVER_sdram                              ; --         ;
; IP_TOOL_ENV                         ; qsys                                                    ; --            ; ROVER_select_i2c_clk                     ; --         ;
; IP_TOOL_ENV                         ; qsys                                                    ; --            ; ROVER_sw                                 ; --         ;
; IP_TOOL_ENV                         ; qsys                                                    ; --            ; ROVER_sysid                              ; --         ;
; IP_TOOL_ENV                         ; qsys                                                    ; --            ; ROVER_timer                              ; --         ;
; IP_TOOL_ENV                         ; qsys                                                    ; --            ; altera_avalon_mm_clock_crossing_bridge   ; --         ;
; IP_TOOL_ENV                         ; qsys                                                    ; --            ; altera_avalon_sc_fifo                    ; --         ;
; IP_TOOL_ENV                         ; qsys                                                    ; --            ; altera_avalon_st_handshake_clock_crosser ; --         ;
; IP_TOOL_ENV                         ; qsys                                                    ; --            ; altera_irq_clock_crosser                 ; --         ;
; IP_TOOL_ENV                         ; qsys                                                    ; --            ; altera_merlin_burst_adapter              ; --         ;
; IP_TOOL_ENV                         ; qsys                                                    ; --            ; altera_merlin_master_agent               ; --         ;
; IP_TOOL_ENV                         ; qsys                                                    ; --            ; altera_merlin_master_translator          ; --         ;
; IP_TOOL_ENV                         ; qsys                                                    ; --            ; altera_merlin_slave_agent                ; --         ;
; IP_TOOL_ENV                         ; qsys                                                    ; --            ; altera_merlin_slave_translator           ; --         ;
; IP_TOOL_ENV                         ; qsys                                                    ; --            ; altera_merlin_traffic_limiter            ; --         ;
; IP_TOOL_ENV                         ; qsys                                                    ; --            ; altera_merlin_width_adapter              ; --         ;
; IP_TOOL_ENV                         ; qsys                                                    ; --            ; altera_reset_controller                  ; --         ;
; IP_TOOL_NAME                        ; qsys                                                    ; --            ; --                                       ; --         ;
; IP_TOOL_NAME                        ; altera_merlin_router                                    ; --            ; ROVER_addr_router                        ; --         ;
; IP_TOOL_NAME                        ; altera_merlin_router                                    ; --            ; ROVER_addr_router_001                    ; --         ;
; IP_TOOL_NAME                        ; altera_merlin_router                                    ; --            ; ROVER_addr_router_002                    ; --         ;
; IP_TOOL_NAME                        ; altera_merlin_router                                    ; --            ; ROVER_addr_router_003                    ; --         ;
; IP_TOOL_NAME                        ; altpll                                                  ; --            ; ROVER_altpll_sys                         ; --         ;
; IP_TOOL_NAME                        ; altera_merlin_demultiplexer                             ; --            ; ROVER_cmd_xbar_demux                     ; --         ;
; IP_TOOL_NAME                        ; altera_merlin_demultiplexer                             ; --            ; ROVER_cmd_xbar_demux_001                 ; --         ;
; IP_TOOL_NAME                        ; altera_merlin_demultiplexer                             ; --            ; ROVER_cmd_xbar_demux_002                 ; --         ;
; IP_TOOL_NAME                        ; altera_merlin_demultiplexer                             ; --            ; ROVER_cmd_xbar_demux_003                 ; --         ;
; IP_TOOL_NAME                        ; altera_merlin_multiplexer                               ; --            ; ROVER_cmd_xbar_mux                       ; --         ;
; IP_TOOL_NAME                        ; altera_nios2_qsys                                       ; --            ; ROVER_cpu                                ; --         ;
; IP_TOOL_NAME                        ; altera_avalon_epcs_flash_controller                     ; --            ; ROVER_epcs                               ; --         ;
; IP_TOOL_NAME                        ; altera_avalon_pio                                       ; --            ; ROVER_i2c_scl                            ; --         ;
; IP_TOOL_NAME                        ; altera_avalon_pio                                       ; --            ; ROVER_i2c_sda                            ; --         ;
; IP_TOOL_NAME                        ; altera_merlin_router                                    ; --            ; ROVER_id_router                          ; --         ;
; IP_TOOL_NAME                        ; altera_merlin_router                                    ; --            ; ROVER_id_router_001                      ; --         ;
; IP_TOOL_NAME                        ; altera_merlin_router                                    ; --            ; ROVER_id_router_003                      ; --         ;
; IP_TOOL_NAME                        ; altera_merlin_router                                    ; --            ; ROVER_id_router_004                      ; --         ;
; IP_TOOL_NAME                        ; altera_merlin_router                                    ; --            ; ROVER_id_router_009                      ; --         ;
; IP_TOOL_NAME                        ; altera_merlin_router                                    ; --            ; ROVER_id_router_014                      ; --         ;
; IP_TOOL_NAME                        ; altera_merlin_router                                    ; --            ; ROVER_id_router_023                      ; --         ;
; IP_TOOL_NAME                        ; altera_irq_mapper                                       ; --            ; ROVER_irq_mapper                         ; --         ;
; IP_TOOL_NAME                        ; altera_avalon_jtag_uart                                 ; --            ; ROVER_jtag_uart                          ; --         ;
; IP_TOOL_NAME                        ; altera_avalon_pio                                       ; --            ; ROVER_key                                ; --         ;
; IP_TOOL_NAME                        ; altera_avalon_pio                                       ; --            ; ROVER_led                                ; --         ;
; IP_TOOL_NAME                        ; altera_merlin_demultiplexer                             ; --            ; ROVER_rsp_xbar_demux                     ; --         ;
; IP_TOOL_NAME                        ; altera_merlin_demultiplexer                             ; --            ; ROVER_rsp_xbar_demux_004                 ; --         ;
; IP_TOOL_NAME                        ; altera_merlin_demultiplexer                             ; --            ; ROVER_rsp_xbar_demux_023                 ; --         ;
; IP_TOOL_NAME                        ; altera_merlin_multiplexer                               ; --            ; ROVER_rsp_xbar_mux                       ; --         ;
; IP_TOOL_NAME                        ; altera_merlin_multiplexer                               ; --            ; ROVER_rsp_xbar_mux_001                   ; --         ;
; IP_TOOL_NAME                        ; altera_merlin_multiplexer                               ; --            ; ROVER_rsp_xbar_mux_002                   ; --         ;
; IP_TOOL_NAME                        ; altera_merlin_multiplexer                               ; --            ; ROVER_rsp_xbar_mux_003                   ; --         ;
; IP_TOOL_NAME                        ; altera_avalon_new_sdram_controller                      ; --            ; ROVER_sdram                              ; --         ;
; IP_TOOL_NAME                        ; altera_avalon_pio                                       ; --            ; ROVER_select_i2c_clk                     ; --         ;
; IP_TOOL_NAME                        ; altera_avalon_pio                                       ; --            ; ROVER_sw                                 ; --         ;
; IP_TOOL_NAME                        ; altera_avalon_sysid_qsys                                ; --            ; ROVER_sysid                              ; --         ;
; IP_TOOL_NAME                        ; altera_avalon_timer                                     ; --            ; ROVER_timer                              ; --         ;
; IP_TOOL_NAME                        ; altera_avalon_mm_clock_crossing_bridge                  ; --            ; altera_avalon_mm_clock_crossing_bridge   ; --         ;
; IP_TOOL_NAME                        ; altera_avalon_sc_fifo                                   ; --            ; altera_avalon_sc_fifo                    ; --         ;
; IP_TOOL_NAME                        ; altera_avalon_st_handshake_clock_crosser                ; --            ; altera_avalon_st_handshake_clock_crosser ; --         ;
; IP_TOOL_NAME                        ; altera_irq_clock_crosser                                ; --            ; altera_irq_clock_crosser                 ; --         ;
; IP_TOOL_NAME                        ; altera_merlin_burst_adapter                             ; --            ; altera_merlin_burst_adapter              ; --         ;
; IP_TOOL_NAME                        ; altera_merlin_master_agent                              ; --            ; altera_merlin_master_agent               ; --         ;
; IP_TOOL_NAME                        ; altera_merlin_master_translator                         ; --            ; altera_merlin_master_translator          ; --         ;
; IP_TOOL_NAME                        ; altera_merlin_slave_agent                               ; --            ; altera_merlin_slave_agent                ; --         ;
; IP_TOOL_NAME                        ; altera_merlin_slave_translator                          ; --            ; altera_merlin_slave_translator           ; --         ;
; IP_TOOL_NAME                        ; altera_merlin_traffic_limiter                           ; --            ; altera_merlin_traffic_limiter            ; --         ;
; IP_TOOL_NAME                        ; altera_merlin_width_adapter                             ; --            ; altera_merlin_width_adapter              ; --         ;
; IP_TOOL_NAME                        ; altera_reset_controller                                 ; --            ; altera_reset_controller                  ; --         ;
; IP_TOOL_VERSION                     ; 12.1sp1                                                 ; --            ; --                                       ; --         ;
; IP_TOOL_VERSION                     ; 12.1                                                    ; --            ; ROVER_addr_router                        ; --         ;
; IP_TOOL_VERSION                     ; 12.1                                                    ; --            ; ROVER_addr_router_001                    ; --         ;
; IP_TOOL_VERSION                     ; 12.1                                                    ; --            ; ROVER_addr_router_002                    ; --         ;
; IP_TOOL_VERSION                     ; 12.1                                                    ; --            ; ROVER_addr_router_003                    ; --         ;
; IP_TOOL_VERSION                     ; 12.1                                                    ; --            ; ROVER_altpll_sys                         ; --         ;
; IP_TOOL_VERSION                     ; 12.1                                                    ; --            ; ROVER_cmd_xbar_demux                     ; --         ;
; IP_TOOL_VERSION                     ; 12.1                                                    ; --            ; ROVER_cmd_xbar_demux_001                 ; --         ;
; IP_TOOL_VERSION                     ; 12.1                                                    ; --            ; ROVER_cmd_xbar_demux_002                 ; --         ;
; IP_TOOL_VERSION                     ; 12.1                                                    ; --            ; ROVER_cmd_xbar_demux_003                 ; --         ;
; IP_TOOL_VERSION                     ; 12.1                                                    ; --            ; ROVER_cmd_xbar_mux                       ; --         ;
; IP_TOOL_VERSION                     ; 12.1                                                    ; --            ; ROVER_cpu                                ; --         ;
; IP_TOOL_VERSION                     ; 12.1                                                    ; --            ; ROVER_epcs                               ; --         ;
; IP_TOOL_VERSION                     ; 12.1                                                    ; --            ; ROVER_i2c_scl                            ; --         ;
; IP_TOOL_VERSION                     ; 12.1                                                    ; --            ; ROVER_i2c_sda                            ; --         ;
; IP_TOOL_VERSION                     ; 12.1                                                    ; --            ; ROVER_id_router                          ; --         ;
; IP_TOOL_VERSION                     ; 12.1                                                    ; --            ; ROVER_id_router_001                      ; --         ;
; IP_TOOL_VERSION                     ; 12.1                                                    ; --            ; ROVER_id_router_003                      ; --         ;
; IP_TOOL_VERSION                     ; 12.1                                                    ; --            ; ROVER_id_router_004                      ; --         ;
; IP_TOOL_VERSION                     ; 12.1                                                    ; --            ; ROVER_id_router_009                      ; --         ;
; IP_TOOL_VERSION                     ; 12.1                                                    ; --            ; ROVER_id_router_014                      ; --         ;
; IP_TOOL_VERSION                     ; 12.1                                                    ; --            ; ROVER_id_router_023                      ; --         ;
; IP_TOOL_VERSION                     ; 12.1                                                    ; --            ; ROVER_irq_mapper                         ; --         ;
; IP_TOOL_VERSION                     ; 12.1                                                    ; --            ; ROVER_jtag_uart                          ; --         ;
; IP_TOOL_VERSION                     ; 12.1                                                    ; --            ; ROVER_key                                ; --         ;
; IP_TOOL_VERSION                     ; 12.1                                                    ; --            ; ROVER_led                                ; --         ;
; IP_TOOL_VERSION                     ; 12.1                                                    ; --            ; ROVER_rsp_xbar_demux                     ; --         ;
; IP_TOOL_VERSION                     ; 12.1                                                    ; --            ; ROVER_rsp_xbar_demux_004                 ; --         ;
; IP_TOOL_VERSION                     ; 12.1                                                    ; --            ; ROVER_rsp_xbar_demux_023                 ; --         ;
; IP_TOOL_VERSION                     ; 12.1                                                    ; --            ; ROVER_rsp_xbar_mux                       ; --         ;
; IP_TOOL_VERSION                     ; 12.1                                                    ; --            ; ROVER_rsp_xbar_mux_001                   ; --         ;
; IP_TOOL_VERSION                     ; 12.1                                                    ; --            ; ROVER_rsp_xbar_mux_002                   ; --         ;
; IP_TOOL_VERSION                     ; 12.1                                                    ; --            ; ROVER_rsp_xbar_mux_003                   ; --         ;
; IP_TOOL_VERSION                     ; 12.1                                                    ; --            ; ROVER_sdram                              ; --         ;
; IP_TOOL_VERSION                     ; 12.1                                                    ; --            ; ROVER_select_i2c_clk                     ; --         ;
; IP_TOOL_VERSION                     ; 12.1                                                    ; --            ; ROVER_sw                                 ; --         ;
; IP_TOOL_VERSION                     ; 12.1                                                    ; --            ; ROVER_sysid                              ; --         ;
; IP_TOOL_VERSION                     ; 12.1                                                    ; --            ; ROVER_timer                              ; --         ;
; IP_TOOL_VERSION                     ; 12.1                                                    ; --            ; altera_avalon_mm_clock_crossing_bridge   ; --         ;
; IP_TOOL_VERSION                     ; 12.1                                                    ; --            ; altera_avalon_sc_fifo                    ; --         ;
; IP_TOOL_VERSION                     ; 12.1                                                    ; --            ; altera_avalon_st_handshake_clock_crosser ; --         ;
; IP_TOOL_VERSION                     ; 12.1                                                    ; --            ; altera_irq_clock_crosser                 ; --         ;
; IP_TOOL_VERSION                     ; 12.1                                                    ; --            ; altera_merlin_burst_adapter              ; --         ;
; IP_TOOL_VERSION                     ; 12.1                                                    ; --            ; altera_merlin_master_agent               ; --         ;
; IP_TOOL_VERSION                     ; 12.1                                                    ; --            ; altera_merlin_master_translator          ; --         ;
; IP_TOOL_VERSION                     ; 12.1                                                    ; --            ; altera_merlin_slave_agent                ; --         ;
; IP_TOOL_VERSION                     ; 12.1                                                    ; --            ; altera_merlin_slave_translator           ; --         ;
; IP_TOOL_VERSION                     ; 12.1                                                    ; --            ; altera_merlin_traffic_limiter            ; --         ;
; IP_TOOL_VERSION                     ; 12.1                                                    ; --            ; altera_merlin_width_adapter              ; --         ;
; IP_TOOL_VERSION                     ; 12.1                                                    ; --            ; altera_reset_controller                  ; --         ;
; MAX_CORE_JUNCTION_TEMP              ; 85                                                      ; --            ; --                                       ; --         ;
; MIN_CORE_JUNCTION_TEMP              ; 0                                                       ; --            ; --                                       ; --         ;
; MISC_FILE                           ; ROVER/synthesis/../../ROVER.cmp                         ; --            ; --                                       ; --         ;
; MISC_FILE                           ; ROVER/synthesis/../../ROVER.qsys                        ; --            ; --                                       ; --         ;
; OUTPUT_IO_TIMING_FAR_END_VMEAS      ; Half Signal Swing                                       ; --            ; --                                       ; --         ;
; OUTPUT_IO_TIMING_FAR_END_VMEAS      ; Half Signal Swing                                       ; --            ; --                                       ; --         ;
; OUTPUT_IO_TIMING_NEAR_END_VMEAS     ; Half Vccio                                              ; --            ; --                                       ; --         ;
; OUTPUT_IO_TIMING_NEAR_END_VMEAS     ; Half Vccio                                              ; --            ; --                                       ; --         ;
; PARTITION_COLOR                     ; 16764057                                                ; --            ; toplevel                                 ; Top        ;
; PARTITION_FITTER_PRESERVATION_LEVEL ; PLACEMENT_AND_ROUTING                                   ; --            ; toplevel                                 ; Top        ;
; PARTITION_NETLIST_TYPE              ; SOURCE                                                  ; --            ; toplevel                                 ; Top        ;
; POWER_BOARD_THERMAL_MODEL           ; None (CONSERVATIVE)                                     ; --            ; --                                       ; --         ;
; POWER_PRESET_COOLING_SOLUTION       ; 23 MM HEAT SINK WITH 200 LFPM AIRFLOW                   ; --            ; --                                       ; --         ;
; SLD_INFO                            ; QSYS_NAME ROVER HAS_SOPCINFO 1 GENERATION_ID 1365735235 ; --            ; --                                       ; --         ;
; SOPCINFO_FILE                       ; ROVER/synthesis/../../ROVER.sopcinfo                    ; --            ; --                                       ; --         ;
; SYNTHESIS_ONLY_QIP                  ; On                                                      ; --            ; --                                       ; --         ;
; TOP_LEVEL_ENTITY                    ; toplevel                                                ; ROVER         ; --                                       ; --         ;
+-------------------------------------+---------------------------------------------------------+---------------+------------------------------------------+------------+


+-------------------------------------------------------------------------------------------------------------------------------+
; Flow Elapsed Time                                                                                                             ;
+---------------------------+--------------+-------------------------+---------------------+------------------------------------+
; Module Name               ; Elapsed Time ; Average Processors Used ; Peak Virtual Memory ; Total CPU Time (on all processors) ;
+---------------------------+--------------+-------------------------+---------------------+------------------------------------+
; Analysis & Synthesis      ; 00:01:11     ; 1.0                     ; 761 MB              ; 00:00:58                           ;
; Fitter                    ; 00:01:03     ; 1.0                     ; 740 MB              ; 00:00:56                           ;
; Assembler                 ; 00:00:04     ; 1.0                     ; 439 MB              ; 00:00:03                           ;
; TimeQuest Timing Analyzer ; 00:00:10     ; 1.0                     ; 550 MB              ; 00:00:08                           ;
; Total                     ; 00:02:28     ; --                      ; --                  ; 00:02:05                           ;
+---------------------------+--------------+-------------------------+---------------------+------------------------------------+


+----------------------------------------------------------------------------------------+
; Flow OS Summary                                                                        ;
+---------------------------+------------------+-----------+------------+----------------+
; Module Name               ; Machine Hostname ; OS Name   ; OS Version ; Processor type ;
+---------------------------+------------------+-----------+------------+----------------+
; Analysis & Synthesis      ; Peter-PC         ; Windows 7 ; 6.1        ; x86_64         ;
; Fitter                    ; Peter-PC         ; Windows 7 ; 6.1        ; x86_64         ;
; Assembler                 ; Peter-PC         ; Windows 7 ; 6.1        ; x86_64         ;
; TimeQuest Timing Analyzer ; Peter-PC         ; Windows 7 ; 6.1        ; x86_64         ;
+---------------------------+------------------+-----------+------------+----------------+


------------
; Flow Log ;
------------
quartus_map --read_settings_files=on --write_settings_files=off ROVER -c ROVER
quartus_fit --read_settings_files=off --write_settings_files=off ROVER -c ROVER
quartus_asm --read_settings_files=off --write_settings_files=off ROVER -c ROVER
quartus_sta ROVER -c ROVER



